2021-07-08 00:16:17,287 ERROR 8360 nodejs.unhandledExceptionError: read ECONNRESET
    at TCP.onStreamRead (internal/stream_base_commons.js:209:20)
errno: -4077
code: "ECONNRESET"
syscall: "read"
name: "unhandledExceptionError"
pid: 8360
hostname: WINDOWS-9MNNE6M

2021-07-08 11:24:15,851 ERROR 12836 [-/127.0.0.1/-/6ms POST /v1/goodsOne/comment] nodejs.ValidationError: Comment validation failed: anonymous: Cast to Boolean failed for value "isAnonymous" (type string) at path "anonymous"
    at model.Document.invalidate (E:\前端学习\项目\vue-h5shopping\server\node_modules\_mongoose@5.13.0@mongoose\lib\document.js:2757:32)
    at model.$set (E:\前端学习\项目\vue-h5shopping\server\node_modules\_mongoose@5.13.0@mongoose\lib\document.js:1324:12)
    at model.$set (E:\前端学习\项目\vue-h5shopping\server\node_modules\_mongoose@5.13.0@mongoose\lib\document.js:1033:16)
    at model.Document (E:\前端学习\项目\vue-h5shopping\server\node_modules\_mongoose@5.13.0@mongoose\lib\document.js:148:12)
    at model.Model (E:\前端学习\项目\vue-h5shopping\server\node_modules\_mongoose@5.13.0@mongoose\lib\model.js:105:12)
    at new model (E:\前端学习\项目\vue-h5shopping\server\node_modules\_mongoose@5.13.0@mongoose\lib\model.js:4902:15)
    at OperatingGoodsController.comment (E:\前端学习\项目\vue-h5shopping\server\app\controller\api\operatingGoods.js:262:25)
    at Object.callFn (E:\前端学习\项目\vue-h5shopping\server\node_modules\_egg-core@4.20.0@egg-core\lib\utils\index.js:44:21)
    at Object.classControllerMiddleware (E:\前端学习\项目\vue-h5shopping\server\node_modules\_egg-core@4.20.0@egg-core\lib\loader\mixin\controller.js:87:20)
    at Object.callFn (E:\前端学习\项目\vue-h5shopping\server\node_modules\_@eggjs_router@2.0.0@@eggjs\router\lib\utils.js:12:21)
    at wrappedController (E:\前端学习\项目\vue-h5shopping\server\node_modules\_@eggjs_router@2.0.0@@eggjs\router\lib\egg_router.js:322:18)
    at dispatch (E:\前端学习\项目\vue-h5shopping\server\node_modules\_koa-compose@3.2.1@koa-compose\index.js:44:32)
    at next (E:\前端学习\项目\vue-h5shopping\server\node_modules\_koa-compose@3.2.1@koa-compose\index.js:45:18)
    at E:\前端学习\项目\vue-h5shopping\server\node_modules\_@eggjs_router@2.0.0@@eggjs\router\lib\router.js:190:18
    at dispatch (E:\前端学习\项目\vue-h5shopping\server\node_modules\_koa-compose@3.2.1@koa-compose\index.js:44:32)
    at E:\前端学习\项目\vue-h5shopping\server\node_modules\_koa-compose@3.2.1@koa-compose\index.js:36:12
errors: {"anonymous":{"stringValue":"\"isAnonymous\"","valueType":"string","kind":"Boolean","value":"isAnonymous","path":"anonymous","reason":{"stringValue":"\"isAnonymous\"","valueType":"string","kind":"boolean","value":"isAnonymous","name":"CastError","message":"Cast to boolean failed for value \"isAnonymous\" (type string) at path \"undefined\""},"name":"CastError","message":"Cast to Boolean failed for value \"isAnonymous\" (type string) at path \"anonymous\""}}
_message: "Comment validation failed"
pid: 12836
hostname: WINDOWS-9MNNE6M

