2021-07-08 00:16:13,282 INFO 11888 [egg-schedule]: register schedule E:\前端学习\项目\vue-h5shopping\server\node_modules\_egg-multipart@2.12.0@egg-multipart\app\schedule\clean_tmpdir.js
2021-07-08 00:16:13,282 INFO 11888 [egg-schedule]: register schedule E:\前端学习\项目\vue-h5shopping\server\node_modules\_egg-logrotator@3.1.0@egg-logrotator\app\schedule\clean_log.js
2021-07-08 00:16:13,282 INFO 11888 [egg-schedule]: register schedule E:\前端学习\项目\vue-h5shopping\server\node_modules\_egg-logrotator@3.1.0@egg-logrotator\app\schedule\rotate_by_file.js
2021-07-08 00:16:18,800 INFO 6508 [egg-schedule]: register schedule E:\前端学习\项目\vue-h5shopping\server\node_modules\_egg-multipart@2.12.0@egg-multipart\app\schedule\clean_tmpdir.js
2021-07-08 00:16:18,800 INFO 6508 [egg-schedule]: register schedule E:\前端学习\项目\vue-h5shopping\server\node_modules\_egg-logrotator@3.1.0@egg-logrotator\app\schedule\clean_log.js
2021-07-08 00:16:18,800 INFO 6508 [egg-schedule]: register schedule E:\前端学习\项目\vue-h5shopping\server\node_modules\_egg-logrotator@3.1.0@egg-logrotator\app\schedule\rotate_by_file.js
2021-07-08 00:16:20,923 INFO 8692 [egg-schedule]: register schedule E:\前端学习\项目\vue-h5shopping\server\node_modules\_egg-multipart@2.12.0@egg-multipart\app\schedule\clean_tmpdir.js
2021-07-08 00:16:20,923 INFO 8692 [egg-schedule]: register schedule E:\前端学习\项目\vue-h5shopping\server\node_modules\_egg-logrotator@3.1.0@egg-logrotator\app\schedule\clean_log.js
2021-07-08 00:16:20,923 INFO 8692 [egg-schedule]: register schedule E:\前端学习\项目\vue-h5shopping\server\node_modules\_egg-logrotator@3.1.0@egg-logrotator\app\schedule\rotate_by_file.js
2021-07-08 09:10:39,724 INFO 3752 [egg-schedule]: register schedule E:\前端学习\项目\vue-h5shopping\server\node_modules\_egg-multipart@2.12.0@egg-multipart\app\schedule\clean_tmpdir.js
2021-07-08 09:10:39,724 INFO 3752 [egg-schedule]: register schedule E:\前端学习\项目\vue-h5shopping\server\node_modules\_egg-logrotator@3.1.0@egg-logrotator\app\schedule\clean_log.js
2021-07-08 09:10:39,724 INFO 3752 [egg-schedule]: register schedule E:\前端学习\项目\vue-h5shopping\server\node_modules\_egg-logrotator@3.1.0@egg-logrotator\app\schedule\rotate_by_file.js
2021-07-08 09:10:38,856 INFO 2200 [egg-schedule]: register schedule E:\前端学习\项目\vue-h5shopping\server\node_modules\_egg-multipart@2.12.0@egg-multipart\app\schedule\clean_tmpdir.js
2021-07-08 09:10:38,856 INFO 2200 [egg-schedule]: register schedule E:\前端学习\项目\vue-h5shopping\server\node_modules\_egg-logrotator@3.1.0@egg-logrotator\app\schedule\clean_log.js
2021-07-08 09:10:38,856 INFO 2200 [egg-schedule]: register schedule E:\前端学习\项目\vue-h5shopping\server\node_modules\_egg-logrotator@3.1.0@egg-logrotator\app\schedule\rotate_by_file.js
2021-07-08 09:10:54,369 INFO 10244 [Timer] E:\前端学习\项目\vue-h5shopping\server\node_modules\_egg-multipart@2.12.0@egg-multipart\app\schedule\clean_tmpdir.js next time will execute after 69545636ms at 2021-07-09 04:30:00.005
2021-07-08 09:10:54,369 INFO 10244 [Timer] E:\前端学习\项目\vue-h5shopping\server\node_modules\_egg-logrotator@3.1.0@egg-logrotator\app\schedule\clean_log.js next time will execute after 53345631ms at 2021-07-09 00:00:00.000
2021-07-08 09:10:54,370 INFO 10244 [Timer] E:\前端学习\项目\vue-h5shopping\server\node_modules\_egg-logrotator@3.1.0@egg-logrotator\app\schedule\rotate_by_file.js next time will execute after 53346631ms at 2021-07-09 00:00:01.001
2021-07-08 09:10:55,201 INFO 4860 [egg-schedule]: register schedule E:\前端学习\项目\vue-h5shopping\server\node_modules\_egg-multipart@2.12.0@egg-multipart\app\schedule\clean_tmpdir.js
2021-07-08 09:10:55,201 INFO 4860 [egg-schedule]: register schedule E:\前端学习\项目\vue-h5shopping\server\node_modules\_egg-logrotator@3.1.0@egg-logrotator\app\schedule\clean_log.js
2021-07-08 09:10:55,201 INFO 4860 [egg-schedule]: register schedule E:\前端学习\项目\vue-h5shopping\server\node_modules\_egg-logrotator@3.1.0@egg-logrotator\app\schedule\rotate_by_file.js
2021-07-08 09:10:56,775 INFO 12836 [egg-schedule]: register schedule E:\前端学习\项目\vue-h5shopping\server\node_modules\_egg-multipart@2.12.0@egg-multipart\app\schedule\clean_tmpdir.js
2021-07-08 09:10:56,775 INFO 12836 [egg-schedule]: register schedule E:\前端学习\项目\vue-h5shopping\server\node_modules\_egg-logrotator@3.1.0@egg-logrotator\app\schedule\clean_log.js
2021-07-08 09:10:56,775 INFO 12836 [egg-schedule]: register schedule E:\前端学习\项目\vue-h5shopping\server\node_modules\_egg-logrotator@3.1.0@egg-logrotator\app\schedule\rotate_by_file.js
2021-07-08 14:13:07,129 INFO 5616 [egg-schedule]: register schedule E:\前端学习\项目\vue-h5shopping\server\node_modules\_egg-multipart@2.12.0@egg-multipart\app\schedule\clean_tmpdir.js
2021-07-08 14:13:07,129 INFO 5616 [egg-schedule]: register schedule E:\前端学习\项目\vue-h5shopping\server\node_modules\_egg-logrotator@3.1.0@egg-logrotator\app\schedule\clean_log.js
2021-07-08 14:13:07,129 INFO 5616 [egg-schedule]: register schedule E:\前端学习\项目\vue-h5shopping\server\node_modules\_egg-logrotator@3.1.0@egg-logrotator\app\schedule\rotate_by_file.js
2021-07-08 16:10:32,415 INFO 17640 [egg-schedule]: register schedule E:\前端学习\项目\vue-h5shopping\server\node_modules\_egg-multipart@2.12.0@egg-multipart\app\schedule\clean_tmpdir.js
2021-07-08 16:10:32,415 INFO 17640 [egg-schedule]: register schedule E:\前端学习\项目\vue-h5shopping\server\node_modules\_egg-logrotator@3.1.0@egg-logrotator\app\schedule\clean_log.js
2021-07-08 16:10:32,415 INFO 17640 [egg-schedule]: register schedule E:\前端学习\项目\vue-h5shopping\server\node_modules\_egg-logrotator@3.1.0@egg-logrotator\app\schedule\rotate_by_file.js
2021-07-09 08:38:33,527 INFO 11312 [egg-schedule]: register schedule E:\前端学习\项目\vue-h5shopping\server\node_modules\_egg-multipart@2.12.0@egg-multipart\app\schedule\clean_tmpdir.js
2021-07-09 08:38:33,527 INFO 11312 [egg-schedule]: register schedule E:\前端学习\项目\vue-h5shopping\server\node_modules\_egg-logrotator@3.1.0@egg-logrotator\app\schedule\clean_log.js
2021-07-09 08:38:33,527 INFO 11312 [egg-schedule]: register schedule E:\前端学习\项目\vue-h5shopping\server\node_modules\_egg-logrotator@3.1.0@egg-logrotator\app\schedule\rotate_by_file.js
2021-07-09 08:38:35,406 INFO 12812 [Timer] E:\前端学习\项目\vue-h5shopping\server\node_modules\_egg-multipart@2.12.0@egg-multipart\app\schedule\clean_tmpdir.js next time will execute after 71484602ms at 2021-07-10 04:30:00.008
2021-07-09 08:38:35,407 INFO 12812 [Timer] E:\前端学习\项目\vue-h5shopping\server\node_modules\_egg-logrotator@3.1.0@egg-logrotator\app\schedule\clean_log.js next time will execute after 55284593ms at 2021-07-10 00:00:00.000
2021-07-09 08:38:35,408 INFO 12812 [Timer] E:\前端学习\项目\vue-h5shopping\server\node_modules\_egg-logrotator@3.1.0@egg-logrotator\app\schedule\rotate_by_file.js next time will execute after 55285593ms at 2021-07-10 00:00:01.001
2021-07-09 09:17:07,406 INFO 14272 [egg-schedule]: register schedule E:\前端学习\项目\vue-h5shopping\server\node_modules\_egg-multipart@2.12.0@egg-multipart\app\schedule\clean_tmpdir.js
2021-07-09 09:17:07,406 INFO 14272 [egg-schedule]: register schedule E:\前端学习\项目\vue-h5shopping\server\node_modules\_egg-logrotator@3.1.0@egg-logrotator\app\schedule\clean_log.js
2021-07-09 09:17:07,406 INFO 14272 [egg-schedule]: register schedule E:\前端学习\项目\vue-h5shopping\server\node_modules\_egg-logrotator@3.1.0@egg-logrotator\app\schedule\rotate_by_file.js
2021-07-09 09:17:09,207 INFO 7624 [egg-schedule]: register schedule E:\前端学习\项目\vue-h5shopping\server\node_modules\_egg-multipart@2.12.0@egg-multipart\app\schedule\clean_tmpdir.js
2021-07-09 09:17:09,207 INFO 7624 [egg-schedule]: register schedule E:\前端学习\项目\vue-h5shopping\server\node_modules\_egg-logrotator@3.1.0@egg-logrotator\app\schedule\clean_log.js
2021-07-09 09:17:09,207 INFO 7624 [egg-schedule]: register schedule E:\前端学习\项目\vue-h5shopping\server\node_modules\_egg-logrotator@3.1.0@egg-logrotator\app\schedule\rotate_by_file.js
2021-07-09 10:24:16,593 INFO 2244 [egg-schedule]: register schedule E:\前端学习\项目\vue-h5shopping\server\node_modules\_egg-multipart@2.12.0@egg-multipart\app\schedule\clean_tmpdir.js
2021-07-09 10:24:16,593 INFO 2244 [egg-schedule]: register schedule E:\前端学习\项目\vue-h5shopping\server\node_modules\_egg-logrotator@3.1.0@egg-logrotator\app\schedule\clean_log.js
2021-07-09 10:24:16,593 INFO 2244 [egg-schedule]: register schedule E:\前端学习\项目\vue-h5shopping\server\node_modules\_egg-logrotator@3.1.0@egg-logrotator\app\schedule\rotate_by_file.js
2021-07-09 14:50:02,235 INFO 15512 [egg-schedule]: register schedule E:\前端学习\项目\vue-h5shopping\server\node_modules\_egg-multipart@2.12.0@egg-multipart\app\schedule\clean_tmpdir.js
2021-07-09 14:50:02,235 INFO 15512 [egg-schedule]: register schedule E:\前端学习\项目\vue-h5shopping\server\node_modules\_egg-logrotator@3.1.0@egg-logrotator\app\schedule\clean_log.js
2021-07-09 14:50:02,235 INFO 15512 [egg-schedule]: register schedule E:\前端学习\项目\vue-h5shopping\server\node_modules\_egg-logrotator@3.1.0@egg-logrotator\app\schedule\rotate_by_file.js
2021-07-12 09:05:00,687 INFO 4352 [egg-schedule]: register schedule E:\前端学习\项目\vue-h5shopping\server\node_modules\_egg-multipart@2.12.0@egg-multipart\app\schedule\clean_tmpdir.js
2021-07-12 09:05:00,687 INFO 4352 [egg-schedule]: register schedule E:\前端学习\项目\vue-h5shopping\server\node_modules\_egg-logrotator@3.1.0@egg-logrotator\app\schedule\clean_log.js
2021-07-12 09:05:00,687 INFO 4352 [egg-schedule]: register schedule E:\前端学习\项目\vue-h5shopping\server\node_modules\_egg-logrotator@3.1.0@egg-logrotator\app\schedule\rotate_by_file.js
2021-07-12 09:05:10,175 INFO 3528 [Timer] E:\前端学习\项目\vue-h5shopping\server\node_modules\_egg-multipart@2.12.0@egg-multipart\app\schedule\clean_tmpdir.js next time will execute after 69889832ms at 2021-07-13 04:30:00.006
2021-07-12 09:05:10,176 INFO 3528 [Timer] E:\前端学习\项目\vue-h5shopping\server\node_modules\_egg-logrotator@3.1.0@egg-logrotator\app\schedule\clean_log.js next time will execute after 53689825ms at 2021-07-13 00:00:00.001
2021-07-12 09:05:10,176 INFO 3528 [Timer] E:\前端学习\项目\vue-h5shopping\server\node_modules\_egg-logrotator@3.1.0@egg-logrotator\app\schedule\rotate_by_file.js next time will execute after 53690824ms at 2021-07-13 00:00:01.000
2021-07-13 08:30:51,820 INFO 12276 [egg-schedule]: register schedule E:\前端学习\项目\vue-h5shopping\server\node_modules\_egg-multipart@2.12.0@egg-multipart\app\schedule\clean_tmpdir.js
2021-07-13 08:30:51,820 INFO 12276 [egg-schedule]: register schedule E:\前端学习\项目\vue-h5shopping\server\node_modules\_egg-logrotator@3.1.0@egg-logrotator\app\schedule\clean_log.js
2021-07-13 08:30:51,820 INFO 12276 [egg-schedule]: register schedule E:\前端学习\项目\vue-h5shopping\server\node_modules\_egg-logrotator@3.1.0@egg-logrotator\app\schedule\rotate_by_file.js
2021-07-13 08:30:51,488 INFO 8824 [egg-schedule]: register schedule E:\前端学习\项目\vue-h5shopping\server\node_modules\_egg-multipart@2.12.0@egg-multipart\app\schedule\clean_tmpdir.js
2021-07-13 08:30:51,489 INFO 8824 [egg-schedule]: register schedule E:\前端学习\项目\vue-h5shopping\server\node_modules\_egg-logrotator@3.1.0@egg-logrotator\app\schedule\clean_log.js
2021-07-13 08:30:51,489 INFO 8824 [egg-schedule]: register schedule E:\前端学习\项目\vue-h5shopping\server\node_modules\_egg-logrotator@3.1.0@egg-logrotator\app\schedule\rotate_by_file.js
2021-07-13 08:31:07,091 INFO 9892 [Timer] E:\前端学习\项目\vue-h5shopping\server\node_modules\_egg-multipart@2.12.0@egg-multipart\app\schedule\clean_tmpdir.js next time will execute after 71932913ms at 2021-07-14 04:30:00.004
2021-07-13 08:31:07,092 INFO 9892 [Timer] E:\前端学习\项目\vue-h5shopping\server\node_modules\_egg-logrotator@3.1.0@egg-logrotator\app\schedule\clean_log.js next time will execute after 55732909ms at 2021-07-14 00:00:00.001
2021-07-13 08:31:07,092 INFO 9892 [Timer] E:\前端学习\项目\vue-h5shopping\server\node_modules\_egg-logrotator@3.1.0@egg-logrotator\app\schedule\rotate_by_file.js next time will execute after 55733908ms at 2021-07-14 00:00:01.000
2021-07-13 08:31:07,907 INFO 4652 [egg-schedule]: register schedule E:\前端学习\项目\vue-h5shopping\server\node_modules\_egg-multipart@2.12.0@egg-multipart\app\schedule\clean_tmpdir.js
2021-07-13 08:31:07,907 INFO 4652 [egg-schedule]: register schedule E:\前端学习\项目\vue-h5shopping\server\node_modules\_egg-logrotator@3.1.0@egg-logrotator\app\schedule\clean_log.js
2021-07-13 08:31:07,907 INFO 4652 [egg-schedule]: register schedule E:\前端学习\项目\vue-h5shopping\server\node_modules\_egg-logrotator@3.1.0@egg-logrotator\app\schedule\rotate_by_file.js
2021-07-13 08:31:09,333 INFO 1284 [egg-schedule]: register schedule E:\前端学习\项目\vue-h5shopping\server\node_modules\_egg-multipart@2.12.0@egg-multipart\app\schedule\clean_tmpdir.js
2021-07-13 08:31:09,333 INFO 1284 [egg-schedule]: register schedule E:\前端学习\项目\vue-h5shopping\server\node_modules\_egg-logrotator@3.1.0@egg-logrotator\app\schedule\clean_log.js
2021-07-13 08:31:09,333 INFO 1284 [egg-schedule]: register schedule E:\前端学习\项目\vue-h5shopping\server\node_modules\_egg-logrotator@3.1.0@egg-logrotator\app\schedule\rotate_by_file.js
2021-07-14 08:39:52,298 INFO 9292 [egg-schedule]: register schedule E:\前端学习\项目\vue-h5shopping\server\node_modules\_egg-multipart@2.12.0@egg-multipart\app\schedule\clean_tmpdir.js
2021-07-14 08:39:52,298 INFO 9292 [egg-schedule]: register schedule E:\前端学习\项目\vue-h5shopping\server\node_modules\_egg-logrotator@3.1.0@egg-logrotator\app\schedule\clean_log.js
2021-07-14 08:39:52,298 INFO 9292 [egg-schedule]: register schedule E:\前端学习\项目\vue-h5shopping\server\node_modules\_egg-logrotator@3.1.0@egg-logrotator\app\schedule\rotate_by_file.js
2021-07-14 08:39:58,472 INFO 2180 [Timer] E:\前端学习\项目\vue-h5shopping\server\node_modules\_egg-multipart@2.12.0@egg-multipart\app\schedule\clean_tmpdir.js next time will execute after 71401534ms at 2021-07-15 04:30:00.006
2021-07-14 08:39:58,474 INFO 2180 [Timer] E:\前端学习\项目\vue-h5shopping\server\node_modules\_egg-logrotator@3.1.0@egg-logrotator\app\schedule\clean_log.js next time will execute after 55201527ms at 2021-07-15 00:00:00.001
2021-07-14 08:39:58,475 INFO 2180 [Timer] E:\前端学习\项目\vue-h5shopping\server\node_modules\_egg-logrotator@3.1.0@egg-logrotator\app\schedule\rotate_by_file.js next time will execute after 55202526ms at 2021-07-15 00:00:01.001
2021-07-14 09:26:41,220 INFO 12492 [egg-schedule]: register schedule E:\前端学习\项目\vue-h5shopping\server\node_modules\_egg-multipart@2.12.0@egg-multipart\app\schedule\clean_tmpdir.js
2021-07-14 09:26:41,220 INFO 12492 [egg-schedule]: register schedule E:\前端学习\项目\vue-h5shopping\server\node_modules\_egg-logrotator@3.1.0@egg-logrotator\app\schedule\clean_log.js
2021-07-14 09:26:41,220 INFO 12492 [egg-schedule]: register schedule E:\前端学习\项目\vue-h5shopping\server\node_modules\_egg-logrotator@3.1.0@egg-logrotator\app\schedule\rotate_by_file.js
2021-07-14 09:26:43,223 INFO 472 [egg-schedule]: register schedule E:\前端学习\项目\vue-h5shopping\server\node_modules\_egg-multipart@2.12.0@egg-multipart\app\schedule\clean_tmpdir.js
2021-07-14 09:26:43,223 INFO 472 [egg-schedule]: register schedule E:\前端学习\项目\vue-h5shopping\server\node_modules\_egg-logrotator@3.1.0@egg-logrotator\app\schedule\clean_log.js
2021-07-14 09:26:43,223 INFO 472 [egg-schedule]: register schedule E:\前端学习\项目\vue-h5shopping\server\node_modules\_egg-logrotator@3.1.0@egg-logrotator\app\schedule\rotate_by_file.js
