2021-07-08 00:00:01,017 INFO 2236 [egg-logrotator] app logger reload: got log-reload message
2021-07-08 00:16:13,245 INFO 11888 [egg:logger] init all loggers with options: {"dir":"E:\\前端学习\\项目\\vue-h5shopping\\server\\logs\\server","encoding":"utf8","env":"local","level":"INFO","consoleLevel":"INFO","disableConsoleAfterReady":false,"outputJSON":false,"buffer":true,"appLogName":"server-web.log","coreLogName":"egg-web.log","agentLogName":"egg-agent.log","errorLogName":"common-error.log","coreLogger":{"consoleLevel":"WARN"},"allowDebugAtProd":false,"type":"application"}
2021-07-08 00:16:13,283 INFO 11888 [egg-multipart] stream mode enable
2021-07-08 00:16:13,737 INFO 11888 [egg-mongoose] connecting mongodb://127.0.0.1/shoppingMall
2021-07-08 00:16:14,120 INFO 11888 [egg-static] starting static serve /public/ -> E:\前端学习\项目\vue-h5shopping\server\app\public
2021-07-08 00:16:14,127 INFO 11888 [egg-security] use methodnoallow middleware
2021-07-08 00:16:14,128 INFO 11888 [egg-security] use noopen middleware
2021-07-08 00:16:14,130 INFO 11888 [egg-security] use nosniff middleware
2021-07-08 00:16:14,131 INFO 11888 [egg-security] use xssProtection middleware
2021-07-08 00:16:14,132 INFO 11888 [egg-security] use xframe middleware
2021-07-08 00:16:14,132 INFO 11888 [egg-security] use dta middleware
2021-07-08 00:16:14,133 INFO 11888 [egg-security] compose 6 middlewares into one security middleware
2021-07-08 00:16:14,153 INFO 11888 [egg:core] dump config after load, 4ms
2021-07-08 00:16:14,161 INFO 11888 [egg-mongoose] starting...
2021-07-08 00:16:14,229 INFO 11888 [egg-mongoose] mongodb://127.0.0.1/shoppingMall connected successfully
2021-07-08 00:16:14,279 INFO 11888 [egg-mongoose] instance[0] start successfully
2021-07-08 00:16:14,287 INFO 11888 [egg-watcher:application] watcher start success
2021-07-08 00:16:14,327 INFO 11888 [egg:core] dump config after ready, 31ms
2021-07-08 00:16:18,741 INFO 6508 [egg:logger] init all loggers with options: {"dir":"E:\\前端学习\\项目\\vue-h5shopping\\server\\logs\\server","encoding":"utf8","env":"local","level":"INFO","consoleLevel":"INFO","disableConsoleAfterReady":false,"outputJSON":false,"buffer":true,"appLogName":"server-web.log","coreLogName":"egg-web.log","agentLogName":"egg-agent.log","errorLogName":"common-error.log","coreLogger":{"consoleLevel":"WARN"},"allowDebugAtProd":false,"type":"application"}
2021-07-08 00:16:18,802 INFO 6508 [egg-multipart] stream mode enable
2021-07-08 00:16:19,237 INFO 6508 [egg-mongoose] connecting mongodb://127.0.0.1/shoppingMall
2021-07-08 00:16:19,538 INFO 6508 [egg-static] starting static serve /public/ -> E:\前端学习\项目\vue-h5shopping\server\app\public
2021-07-08 00:16:19,541 INFO 6508 [egg-security] use methodnoallow middleware
2021-07-08 00:16:19,541 INFO 6508 [egg-security] use noopen middleware
2021-07-08 00:16:19,542 INFO 6508 [egg-security] use nosniff middleware
2021-07-08 00:16:19,543 INFO 6508 [egg-security] use xssProtection middleware
2021-07-08 00:16:19,544 INFO 6508 [egg-security] use xframe middleware
2021-07-08 00:16:19,544 INFO 6508 [egg-security] use dta middleware
2021-07-08 00:16:19,544 INFO 6508 [egg-security] compose 6 middlewares into one security middleware
2021-07-08 00:16:19,571 INFO 6508 [egg:core] dump config after load, 7ms
2021-07-08 00:16:19,579 INFO 6508 [egg-mongoose] starting...
2021-07-08 00:16:19,641 INFO 6508 [egg-mongoose] mongodb://127.0.0.1/shoppingMall connected successfully
2021-07-08 00:16:19,655 INFO 6508 [egg-mongoose] instance[0] start successfully
2021-07-08 00:16:19,658 INFO 6508 [egg-watcher:application] watcher start success
2021-07-08 00:16:19,669 INFO 6508 [egg:core] dump config after ready, 6ms
2021-07-08 00:16:20,890 INFO 8692 [egg:logger] init all loggers with options: {"dir":"E:\\前端学习\\项目\\vue-h5shopping\\server\\logs\\server","encoding":"utf8","env":"local","level":"INFO","consoleLevel":"INFO","disableConsoleAfterReady":false,"outputJSON":false,"buffer":true,"appLogName":"server-web.log","coreLogName":"egg-web.log","agentLogName":"egg-agent.log","errorLogName":"common-error.log","coreLogger":{"consoleLevel":"WARN"},"allowDebugAtProd":false,"type":"application"}
2021-07-08 00:16:20,924 INFO 8692 [egg-multipart] stream mode enable
2021-07-08 00:16:21,306 INFO 8692 [egg-mongoose] connecting mongodb://127.0.0.1/shoppingMall
2021-07-08 00:16:21,630 INFO 8692 [egg-static] starting static serve /public/ -> E:\前端学习\项目\vue-h5shopping\server\app\public
2021-07-08 00:16:21,634 INFO 8692 [egg-security] use methodnoallow middleware
2021-07-08 00:16:21,638 INFO 8692 [egg-security] use noopen middleware
2021-07-08 00:16:21,640 INFO 8692 [egg-security] use nosniff middleware
2021-07-08 00:16:21,640 INFO 8692 [egg-security] use xssProtection middleware
2021-07-08 00:16:21,641 INFO 8692 [egg-security] use xframe middleware
2021-07-08 00:16:21,641 INFO 8692 [egg-security] use dta middleware
2021-07-08 00:16:21,641 INFO 8692 [egg-security] compose 6 middlewares into one security middleware
2021-07-08 00:16:21,659 INFO 8692 [egg:core] dump config after load, 4ms
2021-07-08 00:16:21,665 INFO 8692 [egg-mongoose] starting...
2021-07-08 00:16:21,715 INFO 8692 [egg-mongoose] mongodb://127.0.0.1/shoppingMall connected successfully
2021-07-08 00:16:21,726 INFO 8692 [egg-mongoose] instance[0] start successfully
2021-07-08 00:16:21,731 INFO 8692 [egg-watcher:application] watcher start success
2021-07-08 00:16:21,739 INFO 8692 [egg:core] dump config after ready, 6ms
2021-07-08 09:10:39,683 INFO 3752 [egg:logger] init all loggers with options: {"dir":"E:\\前端学习\\项目\\vue-h5shopping\\server\\logs\\server","encoding":"utf8","env":"local","level":"INFO","consoleLevel":"INFO","disableConsoleAfterReady":false,"outputJSON":false,"buffer":true,"appLogName":"server-web.log","coreLogName":"egg-web.log","agentLogName":"egg-agent.log","errorLogName":"common-error.log","coreLogger":{"consoleLevel":"WARN"},"allowDebugAtProd":false,"type":"application"}
2021-07-08 09:10:39,725 INFO 3752 [egg-multipart] stream mode enable
2021-07-08 09:10:48,459 INFO 3752 [egg-mongoose] connecting mongodb://127.0.0.1/shoppingMall
2021-07-08 09:10:53,893 INFO 3752 [egg-static] starting static serve /public/ -> E:\前端学习\项目\vue-h5shopping\server\app\public
2021-07-08 09:10:53,907 INFO 3752 [egg-security] use methodnoallow middleware
2021-07-08 09:10:53,915 INFO 3752 [egg-security] use noopen middleware
2021-07-08 09:10:53,923 INFO 3752 [egg-security] use nosniff middleware
2021-07-08 09:10:53,931 INFO 3752 [egg-security] use xssProtection middleware
2021-07-08 09:10:53,938 INFO 3752 [egg-security] use xframe middleware
2021-07-08 09:10:53,944 INFO 3752 [egg-security] use dta middleware
2021-07-08 09:10:53,944 INFO 3752 [egg-security] compose 6 middlewares into one security middleware
2021-07-08 09:10:54,157 INFO 3752 [egg:core] dump config after load, 5ms
2021-07-08 09:10:54,163 INFO 3752 [egg-mongoose] starting...
2021-07-08 09:10:38,815 INFO 2200 [egg:logger] init all loggers with options: {"dir":"E:\\前端学习\\项目\\vue-h5shopping\\server\\logs\\server","encoding":"utf8","env":"local","level":"INFO","consoleLevel":"INFO","disableConsoleAfterReady":false,"outputJSON":false,"buffer":true,"appLogName":"server-web.log","coreLogName":"egg-web.log","agentLogName":"egg-agent.log","errorLogName":"common-error.log","coreLogger":{"consoleLevel":"WARN"},"allowDebugAtProd":false,"type":"application"}
2021-07-08 09:10:38,858 INFO 2200 [egg-multipart] stream mode enable
2021-07-08 09:10:48,459 INFO 2200 [egg-mongoose] connecting mongodb://127.0.0.1/shoppingMall
2021-07-08 09:10:53,893 INFO 2200 [egg-static] starting static serve /public/ -> E:\前端学习\项目\vue-h5shopping\server\app\public
2021-07-08 09:10:53,907 INFO 2200 [egg-security] use methodnoallow middleware
2021-07-08 09:10:53,915 INFO 2200 [egg-security] use noopen middleware
2021-07-08 09:10:53,923 INFO 2200 [egg-security] use nosniff middleware
2021-07-08 09:10:53,931 INFO 2200 [egg-security] use xssProtection middleware
2021-07-08 09:10:53,938 INFO 2200 [egg-security] use xframe middleware
2021-07-08 09:10:53,944 INFO 2200 [egg-security] use dta middleware
2021-07-08 09:10:53,944 INFO 2200 [egg-security] compose 6 middlewares into one security middleware
2021-07-08 09:10:54,157 INFO 2200 [egg:core] dump config after load, 5ms
2021-07-08 09:10:54,164 INFO 2200 [egg-mongoose] starting...
2021-07-08 09:10:54,313 INFO 3752 [egg-mongoose] mongodb://127.0.0.1/shoppingMall connected successfully
2021-07-08 09:10:54,329 INFO 3752 [egg-mongoose] instance[0] start successfully
2021-07-08 09:10:54,332 INFO 3752 [egg-watcher:application] watcher start success
2021-07-08 09:10:54,340 INFO 3752 [egg:core] dump config after ready, 6ms
2021-07-08 09:10:55,174 INFO 4860 [egg:logger] init all loggers with options: {"dir":"E:\\前端学习\\项目\\vue-h5shopping\\server\\logs\\server","encoding":"utf8","env":"local","level":"INFO","consoleLevel":"INFO","disableConsoleAfterReady":false,"outputJSON":false,"buffer":true,"appLogName":"server-web.log","coreLogName":"egg-web.log","agentLogName":"egg-agent.log","errorLogName":"common-error.log","coreLogger":{"consoleLevel":"WARN"},"allowDebugAtProd":false,"type":"application"}
2021-07-08 09:10:55,202 INFO 4860 [egg-multipart] stream mode enable
2021-07-08 09:10:55,498 INFO 4860 [egg-mongoose] connecting mongodb://127.0.0.1/shoppingMall
2021-07-08 09:10:55,795 INFO 4860 [egg-static] starting static serve /public/ -> E:\前端学习\项目\vue-h5shopping\server\app\public
2021-07-08 09:10:55,798 INFO 4860 [egg-security] use methodnoallow middleware
2021-07-08 09:10:55,798 INFO 4860 [egg-security] use noopen middleware
2021-07-08 09:10:55,799 INFO 4860 [egg-security] use nosniff middleware
2021-07-08 09:10:55,800 INFO 4860 [egg-security] use xssProtection middleware
2021-07-08 09:10:55,800 INFO 4860 [egg-security] use xframe middleware
2021-07-08 09:10:55,800 INFO 4860 [egg-security] use dta middleware
2021-07-08 09:10:55,800 INFO 4860 [egg-security] compose 6 middlewares into one security middleware
2021-07-08 09:10:55,819 INFO 4860 [egg:core] dump config after load, 4ms
2021-07-08 09:10:55,824 INFO 4860 [egg-mongoose] starting...
2021-07-08 09:10:55,870 INFO 4860 [egg-mongoose] mongodb://127.0.0.1/shoppingMall connected successfully
2021-07-08 09:10:55,884 INFO 4860 [egg-mongoose] instance[0] start successfully
2021-07-08 09:10:55,886 INFO 4860 [egg-watcher:application] watcher start success
2021-07-08 09:10:55,896 INFO 4860 [egg:core] dump config after ready, 7ms
2021-07-08 09:10:56,748 INFO 12836 [egg:logger] init all loggers with options: {"dir":"E:\\前端学习\\项目\\vue-h5shopping\\server\\logs\\server","encoding":"utf8","env":"local","level":"INFO","consoleLevel":"INFO","disableConsoleAfterReady":false,"outputJSON":false,"buffer":true,"appLogName":"server-web.log","coreLogName":"egg-web.log","agentLogName":"egg-agent.log","errorLogName":"common-error.log","coreLogger":{"consoleLevel":"WARN"},"allowDebugAtProd":false,"type":"application"}
2021-07-08 09:10:56,776 INFO 12836 [egg-multipart] stream mode enable
2021-07-08 09:10:57,104 INFO 12836 [egg-mongoose] connecting mongodb://127.0.0.1/shoppingMall
2021-07-08 09:10:57,358 INFO 12836 [egg-static] starting static serve /public/ -> E:\前端学习\项目\vue-h5shopping\server\app\public
2021-07-08 09:10:57,360 INFO 12836 [egg-security] use methodnoallow middleware
2021-07-08 09:10:57,361 INFO 12836 [egg-security] use noopen middleware
2021-07-08 09:10:57,362 INFO 12836 [egg-security] use nosniff middleware
2021-07-08 09:10:57,362 INFO 12836 [egg-security] use xssProtection middleware
2021-07-08 09:10:57,363 INFO 12836 [egg-security] use xframe middleware
2021-07-08 09:10:57,363 INFO 12836 [egg-security] use dta middleware
2021-07-08 09:10:57,363 INFO 12836 [egg-security] compose 6 middlewares into one security middleware
2021-07-08 09:10:57,382 INFO 12836 [egg:core] dump config after load, 6ms
2021-07-08 09:10:57,388 INFO 12836 [egg-mongoose] starting...
2021-07-08 09:10:57,444 INFO 12836 [egg-mongoose] mongodb://127.0.0.1/shoppingMall connected successfully
2021-07-08 09:10:57,452 INFO 12836 [egg-mongoose] instance[0] start successfully
2021-07-08 09:10:57,458 INFO 12836 [egg-watcher:application] watcher start success
2021-07-08 09:10:57,470 INFO 12836 [egg:core] dump config after ready, 10ms
2021-07-08 14:13:07,100 INFO 5616 [egg:logger] init all loggers with options: {"dir":"E:\\前端学习\\项目\\vue-h5shopping\\server\\logs\\server","encoding":"utf8","env":"local","level":"INFO","consoleLevel":"INFO","disableConsoleAfterReady":false,"outputJSON":false,"buffer":true,"appLogName":"server-web.log","coreLogName":"egg-web.log","agentLogName":"egg-agent.log","errorLogName":"common-error.log","coreLogger":{"consoleLevel":"WARN"},"allowDebugAtProd":false,"type":"application"}
2021-07-08 14:13:07,130 INFO 5616 [egg-multipart] stream mode enable
2021-07-08 14:13:07,502 INFO 5616 [egg-mongoose] connecting mongodb://127.0.0.1/shoppingMall
2021-07-08 14:13:07,767 INFO 5616 [egg-static] starting static serve /public/ -> E:\前端学习\项目\vue-h5shopping\server\app\public
2021-07-08 14:13:07,773 INFO 5616 [egg-security] use methodnoallow middleware
2021-07-08 14:13:07,774 INFO 5616 [egg-security] use noopen middleware
2021-07-08 14:13:07,776 INFO 5616 [egg-security] use nosniff middleware
2021-07-08 14:13:07,776 INFO 5616 [egg-security] use xssProtection middleware
2021-07-08 14:13:07,777 INFO 5616 [egg-security] use xframe middleware
2021-07-08 14:13:07,777 INFO 5616 [egg-security] use dta middleware
2021-07-08 14:13:07,777 INFO 5616 [egg-security] compose 6 middlewares into one security middleware
2021-07-08 14:13:07,804 INFO 5616 [egg:core] dump config after load, 5ms
2021-07-08 14:13:07,811 INFO 5616 [egg-mongoose] starting...
2021-07-08 14:13:07,862 INFO 5616 [egg-mongoose] mongodb://127.0.0.1/shoppingMall connected successfully
2021-07-08 14:13:07,927 INFO 5616 [egg-mongoose] instance[0] start successfully
2021-07-08 14:13:07,932 INFO 5616 [egg-watcher:application] watcher start success
2021-07-08 14:13:07,940 INFO 5616 [egg:core] dump config after ready, 6ms
2021-07-08 16:10:32,386 INFO 17640 [egg:logger] init all loggers with options: {"dir":"E:\\前端学习\\项目\\vue-h5shopping\\server\\logs\\server","encoding":"utf8","env":"local","level":"INFO","consoleLevel":"INFO","disableConsoleAfterReady":false,"outputJSON":false,"buffer":true,"appLogName":"server-web.log","coreLogName":"egg-web.log","agentLogName":"egg-agent.log","errorLogName":"common-error.log","coreLogger":{"consoleLevel":"WARN"},"allowDebugAtProd":false,"type":"application"}
2021-07-08 16:10:32,415 INFO 17640 [egg-multipart] stream mode enable
2021-07-08 16:10:32,766 INFO 17640 [egg-mongoose] connecting mongodb://127.0.0.1/shoppingMall
2021-07-08 16:10:33,047 INFO 17640 [egg-static] starting static serve /public/ -> E:\前端学习\项目\vue-h5shopping\server\app\public
2021-07-08 16:10:33,049 INFO 17640 [egg-security] use methodnoallow middleware
2021-07-08 16:10:33,050 INFO 17640 [egg-security] use noopen middleware
2021-07-08 16:10:33,051 INFO 17640 [egg-security] use nosniff middleware
2021-07-08 16:10:33,051 INFO 17640 [egg-security] use xssProtection middleware
2021-07-08 16:10:33,051 INFO 17640 [egg-security] use xframe middleware
2021-07-08 16:10:33,052 INFO 17640 [egg-security] use dta middleware
2021-07-08 16:10:33,052 INFO 17640 [egg-security] compose 6 middlewares into one security middleware
2021-07-08 16:10:33,071 INFO 17640 [egg:core] dump config after load, 4ms
2021-07-08 16:10:33,077 INFO 17640 [egg-mongoose] starting...
2021-07-08 16:10:33,127 INFO 17640 [egg-mongoose] mongodb://127.0.0.1/shoppingMall connected successfully
2021-07-08 16:10:33,139 INFO 17640 [egg-mongoose] instance[0] start successfully
2021-07-08 16:10:33,142 INFO 17640 [egg-watcher:application] watcher start success
2021-07-08 16:10:33,152 INFO 17640 [egg:core] dump config after ready, 6ms
2021-07-09 08:38:33,449 INFO 11312 [egg:logger] init all loggers with options: {"dir":"E:\\前端学习\\项目\\vue-h5shopping\\server\\logs\\server","encoding":"utf8","env":"local","level":"INFO","consoleLevel":"INFO","disableConsoleAfterReady":false,"outputJSON":false,"buffer":true,"appLogName":"server-web.log","coreLogName":"egg-web.log","agentLogName":"egg-agent.log","errorLogName":"common-error.log","coreLogger":{"consoleLevel":"WARN"},"allowDebugAtProd":false,"type":"application"}
2021-07-09 08:38:33,529 INFO 11312 [egg-multipart] stream mode enable
2021-07-09 08:38:34,424 INFO 11312 [egg-mongoose] connecting mongodb://127.0.0.1/shoppingMall
2021-07-09 08:38:35,147 INFO 11312 [egg-static] starting static serve /public/ -> E:\前端学习\项目\vue-h5shopping\server\app\public
2021-07-09 08:38:35,153 INFO 11312 [egg-security] use methodnoallow middleware
2021-07-09 08:38:35,155 INFO 11312 [egg-security] use noopen middleware
2021-07-09 08:38:35,158 INFO 11312 [egg-security] use nosniff middleware
2021-07-09 08:38:35,159 INFO 11312 [egg-security] use xssProtection middleware
2021-07-09 08:38:35,160 INFO 11312 [egg-security] use xframe middleware
2021-07-09 08:38:35,162 INFO 11312 [egg-security] use dta middleware
2021-07-09 08:38:35,162 INFO 11312 [egg-security] compose 6 middlewares into one security middleware
2021-07-09 08:38:35,208 INFO 11312 [egg:core] dump config after load, 12ms
2021-07-09 08:38:35,218 INFO 11312 [egg-mongoose] starting...
2021-07-09 08:38:35,332 INFO 11312 [egg-mongoose] mongodb://127.0.0.1/shoppingMall connected successfully
2021-07-09 08:38:35,353 INFO 11312 [egg-mongoose] instance[0] start successfully
2021-07-09 08:38:35,359 INFO 11312 [egg-watcher:application] watcher start success
2021-07-09 08:38:35,387 INFO 11312 [egg:core] dump config after ready, 16ms
2021-07-09 09:17:07,380 INFO 14272 [egg:logger] init all loggers with options: {"dir":"E:\\前端学习\\项目\\vue-h5shopping\\server\\logs\\server","encoding":"utf8","env":"local","level":"INFO","consoleLevel":"INFO","disableConsoleAfterReady":false,"outputJSON":false,"buffer":true,"appLogName":"server-web.log","coreLogName":"egg-web.log","agentLogName":"egg-agent.log","errorLogName":"common-error.log","coreLogger":{"consoleLevel":"WARN"},"allowDebugAtProd":false,"type":"application"}
2021-07-09 09:17:07,407 INFO 14272 [egg-multipart] stream mode enable
2021-07-09 09:17:07,745 INFO 14272 [egg-mongoose] connecting mongodb://127.0.0.1/shoppingMall
2021-07-09 09:17:08,013 INFO 14272 [egg-static] starting static serve /public/ -> E:\前端学习\项目\vue-h5shopping\server\app\public
2021-07-09 09:17:08,015 INFO 14272 [egg-security] use methodnoallow middleware
2021-07-09 09:17:08,015 INFO 14272 [egg-security] use noopen middleware
2021-07-09 09:17:08,016 INFO 14272 [egg-security] use nosniff middleware
2021-07-09 09:17:08,017 INFO 14272 [egg-security] use xssProtection middleware
2021-07-09 09:17:08,017 INFO 14272 [egg-security] use xframe middleware
2021-07-09 09:17:08,017 INFO 14272 [egg-security] use dta middleware
2021-07-09 09:17:08,018 INFO 14272 [egg-security] compose 6 middlewares into one security middleware
2021-07-09 09:17:08,038 INFO 14272 [egg:core] dump config after load, 5ms
2021-07-09 09:17:08,044 INFO 14272 [egg-mongoose] starting...
2021-07-09 09:17:08,091 INFO 14272 [egg-mongoose] mongodb://127.0.0.1/shoppingMall connected successfully
2021-07-09 09:17:08,108 INFO 14272 [egg-mongoose] instance[0] start successfully
2021-07-09 09:17:08,114 INFO 14272 [egg-watcher:application] watcher start success
2021-07-09 09:17:08,125 INFO 14272 [egg:core] dump config after ready, 10ms
2021-07-09 09:17:09,183 INFO 7624 [egg:logger] init all loggers with options: {"dir":"E:\\前端学习\\项目\\vue-h5shopping\\server\\logs\\server","encoding":"utf8","env":"local","level":"INFO","consoleLevel":"INFO","disableConsoleAfterReady":false,"outputJSON":false,"buffer":true,"appLogName":"server-web.log","coreLogName":"egg-web.log","agentLogName":"egg-agent.log","errorLogName":"common-error.log","coreLogger":{"consoleLevel":"WARN"},"allowDebugAtProd":false,"type":"application"}
2021-07-09 09:17:09,208 INFO 7624 [egg-multipart] stream mode enable
2021-07-09 09:17:09,574 INFO 7624 [egg-mongoose] connecting mongodb://127.0.0.1/shoppingMall
2021-07-09 09:17:09,805 INFO 7624 [egg-static] starting static serve /public/ -> E:\前端学习\项目\vue-h5shopping\server\app\public
2021-07-09 09:17:09,808 INFO 7624 [egg-security] use methodnoallow middleware
2021-07-09 09:17:09,808 INFO 7624 [egg-security] use noopen middleware
2021-07-09 09:17:09,812 INFO 7624 [egg-security] use nosniff middleware
2021-07-09 09:17:09,812 INFO 7624 [egg-security] use xssProtection middleware
2021-07-09 09:17:09,813 INFO 7624 [egg-security] use xframe middleware
2021-07-09 09:17:09,814 INFO 7624 [egg-security] use dta middleware
2021-07-09 09:17:09,814 INFO 7624 [egg-security] compose 6 middlewares into one security middleware
2021-07-09 09:17:09,828 INFO 7624 [egg:core] dump config after load, 4ms
2021-07-09 09:17:09,834 INFO 7624 [egg-mongoose] starting...
2021-07-09 09:17:09,870 INFO 7624 [egg-mongoose] mongodb://127.0.0.1/shoppingMall connected successfully
2021-07-09 09:17:09,878 INFO 7624 [egg-mongoose] instance[0] start successfully
2021-07-09 09:17:09,882 INFO 7624 [egg-watcher:application] watcher start success
2021-07-09 09:17:09,889 INFO 7624 [egg:core] dump config after ready, 5ms
2021-07-09 10:24:16,568 INFO 2244 [egg:logger] init all loggers with options: {"dir":"E:\\前端学习\\项目\\vue-h5shopping\\server\\logs\\server","encoding":"utf8","env":"local","level":"INFO","consoleLevel":"INFO","disableConsoleAfterReady":false,"outputJSON":false,"buffer":true,"appLogName":"server-web.log","coreLogName":"egg-web.log","agentLogName":"egg-agent.log","errorLogName":"common-error.log","coreLogger":{"consoleLevel":"WARN"},"allowDebugAtProd":false,"type":"application"}
2021-07-09 10:24:16,593 INFO 2244 [egg-multipart] stream mode enable
2021-07-09 10:24:16,912 INFO 2244 [egg-mongoose] connecting mongodb://127.0.0.1/shoppingMall
2021-07-09 10:24:17,162 INFO 2244 [egg-static] starting static serve /public/ -> E:\前端学习\项目\vue-h5shopping\server\app\public
2021-07-09 10:24:17,164 INFO 2244 [egg-security] use methodnoallow middleware
2021-07-09 10:24:17,165 INFO 2244 [egg-security] use noopen middleware
2021-07-09 10:24:17,166 INFO 2244 [egg-security] use nosniff middleware
2021-07-09 10:24:17,166 INFO 2244 [egg-security] use xssProtection middleware
2021-07-09 10:24:17,166 INFO 2244 [egg-security] use xframe middleware
2021-07-09 10:24:17,167 INFO 2244 [egg-security] use dta middleware
2021-07-09 10:24:17,167 INFO 2244 [egg-security] compose 6 middlewares into one security middleware
2021-07-09 10:24:17,185 INFO 2244 [egg:core] dump config after load, 4ms
2021-07-09 10:24:17,191 INFO 2244 [egg-mongoose] starting...
2021-07-09 10:24:17,229 INFO 2244 [egg-mongoose] mongodb://127.0.0.1/shoppingMall connected successfully
2021-07-09 10:24:17,241 INFO 2244 [egg-mongoose] instance[0] start successfully
2021-07-09 10:24:17,248 INFO 2244 [egg-watcher:application] watcher start success
2021-07-09 10:24:17,258 INFO 2244 [egg:core] dump config after ready, 8ms
2021-07-09 14:50:02,194 INFO 15512 [egg:logger] init all loggers with options: {"dir":"E:\\前端学习\\项目\\vue-h5shopping\\server\\logs\\server","encoding":"utf8","env":"local","level":"INFO","consoleLevel":"INFO","disableConsoleAfterReady":false,"outputJSON":false,"buffer":true,"appLogName":"server-web.log","coreLogName":"egg-web.log","agentLogName":"egg-agent.log","errorLogName":"common-error.log","coreLogger":{"consoleLevel":"WARN"},"allowDebugAtProd":false,"type":"application"}
2021-07-09 14:50:02,236 INFO 15512 [egg-multipart] stream mode enable
2021-07-09 14:50:02,696 INFO 15512 [egg-mongoose] connecting mongodb://127.0.0.1/shoppingMall
2021-07-09 14:50:03,061 INFO 15512 [egg-static] starting static serve /public/ -> E:\前端学习\项目\vue-h5shopping\server\app\public
2021-07-09 14:50:03,064 INFO 15512 [egg-security] use methodnoallow middleware
2021-07-09 14:50:03,065 INFO 15512 [egg-security] use noopen middleware
2021-07-09 14:50:03,066 INFO 15512 [egg-security] use nosniff middleware
2021-07-09 14:50:03,067 INFO 15512 [egg-security] use xssProtection middleware
2021-07-09 14:50:03,068 INFO 15512 [egg-security] use xframe middleware
2021-07-09 14:50:03,068 INFO 15512 [egg-security] use dta middleware
2021-07-09 14:50:03,068 INFO 15512 [egg-security] compose 6 middlewares into one security middleware
2021-07-09 14:50:03,089 INFO 15512 [egg:core] dump config after load, 5ms
2021-07-09 14:50:03,097 INFO 15512 [egg-mongoose] starting...
2021-07-09 14:50:03,148 INFO 15512 [egg-mongoose] mongodb://127.0.0.1/shoppingMall connected successfully
2021-07-09 14:50:03,159 INFO 15512 [egg-mongoose] instance[0] start successfully
2021-07-09 14:50:03,165 INFO 15512 [egg-watcher:application] watcher start success
2021-07-09 14:50:03,174 INFO 15512 [egg:core] dump config after ready, 7ms
2021-07-12 09:05:00,572 INFO 4352 [egg:logger] init all loggers with options: {"dir":"E:\\前端学习\\项目\\vue-h5shopping\\server\\logs\\server","encoding":"utf8","env":"local","level":"INFO","consoleLevel":"INFO","disableConsoleAfterReady":false,"outputJSON":false,"buffer":true,"appLogName":"server-web.log","coreLogName":"egg-web.log","agentLogName":"egg-agent.log","errorLogName":"common-error.log","coreLogger":{"consoleLevel":"WARN"},"allowDebugAtProd":false,"type":"application"}
2021-07-12 09:05:00,689 INFO 4352 [egg-multipart] stream mode enable
2021-07-12 09:05:04,378 INFO 4352 [egg-mongoose] connecting mongodb://127.0.0.1/shoppingMall
2021-07-12 09:05:07,409 INFO 4352 [egg-static] starting static serve /public/ -> E:\前端学习\项目\vue-h5shopping\server\app\public
2021-07-12 09:05:07,467 INFO 4352 [egg-security] use methodnoallow middleware
2021-07-12 09:05:07,479 INFO 4352 [egg-security] use noopen middleware
2021-07-12 09:05:07,486 INFO 4352 [egg-security] use nosniff middleware
2021-07-12 09:05:07,487 INFO 4352 [egg-security] use xssProtection middleware
2021-07-12 09:05:07,489 INFO 4352 [egg-security] use xframe middleware
2021-07-12 09:05:07,491 INFO 4352 [egg-security] use dta middleware
2021-07-12 09:05:07,491 INFO 4352 [egg-security] compose 6 middlewares into one security middleware
2021-07-12 09:05:07,587 INFO 4352 [egg:core] dump config after load, 12ms
2021-07-12 09:05:07,649 INFO 4352 [egg-mongoose] starting...
2021-07-12 09:05:09,124 INFO 4352 [egg-mongoose] mongodb://127.0.0.1/shoppingMall connected successfully
2021-07-12 09:05:09,518 INFO 4352 [egg-mongoose] instance[0] start successfully
2021-07-12 09:05:09,763 INFO 4352 [egg-watcher:application] watcher start success
2021-07-12 09:05:10,069 INFO 4352 [egg:core] dump config after ready, 212ms
2021-07-12 09:29:20,596 WARN 4352 [TCPBase] socket is closed by other side while there were still unhandled data in the socket buffer
2021-07-12 09:29:20,923 WARN 4352 [ClusterClient:Watcher] follower closed, and try to init it again
2021-07-12 11:07:50,503 WARN 4352 [ClusterClient:Watcher] follower closed, and try to init it again
2021-07-13 08:30:51,797 INFO 12276 [egg:logger] init all loggers with options: {"dir":"E:\\前端学习\\项目\\vue-h5shopping\\server\\logs\\server","encoding":"utf8","env":"local","level":"INFO","consoleLevel":"INFO","disableConsoleAfterReady":false,"outputJSON":false,"buffer":true,"appLogName":"server-web.log","coreLogName":"egg-web.log","agentLogName":"egg-agent.log","errorLogName":"common-error.log","coreLogger":{"consoleLevel":"WARN"},"allowDebugAtProd":false,"type":"application"}
2021-07-13 08:30:51,821 INFO 12276 [egg-multipart] stream mode enable
2021-07-13 08:31:01,147 INFO 12276 [egg-mongoose] connecting mongodb://127.0.0.1/shoppingMall
2021-07-13 08:31:06,626 INFO 12276 [egg-static] starting static serve /public/ -> E:\前端学习\项目\vue-h5shopping\server\app\public
2021-07-13 08:31:06,635 INFO 12276 [egg-security] use methodnoallow middleware
2021-07-13 08:31:06,642 INFO 12276 [egg-security] use noopen middleware
2021-07-13 08:31:06,649 INFO 12276 [egg-security] use nosniff middleware
2021-07-13 08:31:06,657 INFO 12276 [egg-security] use xssProtection middleware
2021-07-13 08:31:06,664 INFO 12276 [egg-security] use xframe middleware
2021-07-13 08:31:06,670 INFO 12276 [egg-security] use dta middleware
2021-07-13 08:31:06,670 INFO 12276 [egg-security] compose 6 middlewares into one security middleware
2021-07-13 08:31:06,903 INFO 12276 [egg:core] dump config after load, 5ms
2021-07-13 08:31:06,908 INFO 12276 [egg-mongoose] starting...
2021-07-13 08:30:51,462 INFO 8824 [egg:logger] init all loggers with options: {"dir":"E:\\前端学习\\项目\\vue-h5shopping\\server\\logs\\server","encoding":"utf8","env":"local","level":"INFO","consoleLevel":"INFO","disableConsoleAfterReady":false,"outputJSON":false,"buffer":true,"appLogName":"server-web.log","coreLogName":"egg-web.log","agentLogName":"egg-agent.log","errorLogName":"common-error.log","coreLogger":{"consoleLevel":"WARN"},"allowDebugAtProd":false,"type":"application"}
2021-07-13 08:30:51,489 INFO 8824 [egg-multipart] stream mode enable
2021-07-13 08:31:01,147 INFO 8824 [egg-mongoose] connecting mongodb://127.0.0.1/shoppingMall
2021-07-13 08:31:06,627 INFO 8824 [egg-static] starting static serve /public/ -> E:\前端学习\项目\vue-h5shopping\server\app\public
2021-07-13 08:31:06,635 INFO 8824 [egg-security] use methodnoallow middleware
2021-07-13 08:31:06,642 INFO 8824 [egg-security] use noopen middleware
2021-07-13 08:31:06,650 INFO 8824 [egg-security] use nosniff middleware
2021-07-13 08:31:06,657 INFO 8824 [egg-security] use xssProtection middleware
2021-07-13 08:31:06,664 INFO 8824 [egg-security] use xframe middleware
2021-07-13 08:31:06,670 INFO 8824 [egg-security] use dta middleware
2021-07-13 08:31:06,670 INFO 8824 [egg-security] compose 6 middlewares into one security middleware
2021-07-13 08:31:06,903 INFO 8824 [egg:core] dump config after load, 5ms
2021-07-13 08:31:06,923 INFO 8824 [egg-mongoose] starting...
2021-07-13 08:31:07,045 INFO 12276 [egg-mongoose] mongodb://127.0.0.1/shoppingMall connected successfully
2021-07-13 08:31:07,056 INFO 12276 [egg-mongoose] instance[0] start successfully
2021-07-13 08:31:07,058 INFO 12276 [egg-watcher:application] watcher start success
2021-07-13 08:31:07,067 INFO 12276 [egg:core] dump config after ready, 7ms
2021-07-13 08:31:07,869 INFO 4652 [egg:logger] init all loggers with options: {"dir":"E:\\前端学习\\项目\\vue-h5shopping\\server\\logs\\server","encoding":"utf8","env":"local","level":"INFO","consoleLevel":"INFO","disableConsoleAfterReady":false,"outputJSON":false,"buffer":true,"appLogName":"server-web.log","coreLogName":"egg-web.log","agentLogName":"egg-agent.log","errorLogName":"common-error.log","coreLogger":{"consoleLevel":"WARN"},"allowDebugAtProd":false,"type":"application"}
2021-07-13 08:31:07,908 INFO 4652 [egg-multipart] stream mode enable
2021-07-13 08:31:08,188 INFO 4652 [egg-mongoose] connecting mongodb://127.0.0.1/shoppingMall
2021-07-13 08:31:08,416 INFO 4652 [egg-static] starting static serve /public/ -> E:\前端学习\项目\vue-h5shopping\server\app\public
2021-07-13 08:31:08,418 INFO 4652 [egg-security] use methodnoallow middleware
2021-07-13 08:31:08,418 INFO 4652 [egg-security] use noopen middleware
2021-07-13 08:31:08,419 INFO 4652 [egg-security] use nosniff middleware
2021-07-13 08:31:08,419 INFO 4652 [egg-security] use xssProtection middleware
2021-07-13 08:31:08,420 INFO 4652 [egg-security] use xframe middleware
2021-07-13 08:31:08,420 INFO 4652 [egg-security] use dta middleware
2021-07-13 08:31:08,420 INFO 4652 [egg-security] compose 6 middlewares into one security middleware
2021-07-13 08:31:08,435 INFO 4652 [egg:core] dump config after load, 4ms
2021-07-13 08:31:08,440 INFO 4652 [egg-mongoose] starting...
2021-07-13 08:31:08,480 INFO 4652 [egg-mongoose] mongodb://127.0.0.1/shoppingMall connected successfully
2021-07-13 08:31:08,487 INFO 4652 [egg-mongoose] instance[0] start successfully
2021-07-13 08:31:08,492 INFO 4652 [egg-watcher:application] watcher start success
2021-07-13 08:31:08,499 INFO 4652 [egg:core] dump config after ready, 6ms
